2019-06-09 17:48:53,760 - request - INFO - method：GET  url：http://192.168.81.131:8888/futureloan/mvc/api/member/register - [request.py:28]
2019-06-09 17:48:53,761 - request - INFO - data：{'mobilephone': 18675512711, 'pwd': 'xiuyu123', 'regname': '修宇'} - [request.py:29]
2019-06-09 17:48:53,867 - request - INFO - response：{"status":1,"code":"10001","data":null,"msg":"注册成功"} - [request.py:34]
2019-06-09 17:48:54,322 - api - INFO - 第1行用例执行结果：PASS - [test_api.py:80]
2019-06-09 17:48:54,344 - request - INFO - method：POST  url：http://192.168.81.131:8888/futureloan/mvc/api/member/register - [request.py:28]
2019-06-09 17:48:54,344 - request - INFO - data：{'mobilephone': '', 'pwd': 'xiuyu123', 'regname': '修宇'} - [request.py:29]
2019-06-09 17:48:54,359 - request - INFO - response：{"status":0,"code":"20103","data":null,"msg":"手机号不能为空"} - [request.py:39]
2019-06-09 17:48:54,669 - api - INFO - 第2行用例执行结果：PASS - [test_api.py:80]
2019-06-09 17:48:54,696 - request - INFO - method：GET  url：http://192.168.81.131:8888/futureloan/mvc/api/member/register - [request.py:28]
2019-06-09 17:48:54,696 - request - INFO - data：{'mobilephone': '18675512528', 'pwd': '', 'regname': '修宇'} - [request.py:29]
2019-06-09 17:48:54,708 - request - INFO - response：{"status":0,"code":"20103","data":null,"msg":"密码不能为空"} - [request.py:34]
2019-06-09 17:48:55,007 - api - INFO - 第3行用例执行结果：PASS - [test_api.py:80]
2019-06-09 17:48:55,032 - request - INFO - method：POST  url：http://192.168.81.131:8888/futureloan/mvc/api/member/register - [request.py:28]
2019-06-09 17:48:55,032 - request - INFO - data：{'mobilephone': '1867551252', 'pwd': 'xiuyu123', 'regname': '修宇'} - [request.py:29]
2019-06-09 17:48:55,037 - request - INFO - response：{"status":0,"code":"20109","data":null,"msg":"手机号码格式不正确"} - [request.py:39]
2019-06-09 17:48:55,369 - api - INFO - 第4行用例执行结果：PASS - [test_api.py:80]
2019-06-09 17:48:55,384 - request - INFO - method：GET  url：http://192.168.81.131:8888/futureloan/mvc/api/member/register - [request.py:28]
2019-06-09 17:48:55,385 - request - INFO - data：{'mobilephone': '186755125271', 'pwd': 'xiuyu123', 'regname': '修宇'} - [request.py:29]
2019-06-09 17:48:55,389 - request - INFO - response：{"status":0,"code":"20109","data":null,"msg":"手机号码格式不正确"} - [request.py:34]
2019-06-09 17:48:55,639 - api - INFO - 第5行用例执行结果：PASS - [test_api.py:80]
2019-06-09 17:48:55,654 - request - INFO - method：POST  url：http://192.168.81.131:8888/futureloan/mvc/api/member/register - [request.py:28]
2019-06-09 17:48:55,654 - request - INFO - data：{'mobilephone': '186755a2527', 'pwd': 'xiuyu123', 'regname': '修宇'} - [request.py:29]
2019-06-09 17:48:55,660 - request - INFO - response：{"status":0,"code":"20109","data":null,"msg":"手机号码格式不正确"} - [request.py:39]
2019-06-09 17:48:55,896 - api - INFO - 第6行用例执行结果：PASS - [test_api.py:80]
2019-06-09 17:48:55,915 - request - INFO - method：GET  url：http://192.168.81.131:8888/futureloan/mvc/api/member/register - [request.py:28]
2019-06-09 17:48:55,916 - request - INFO - data：{'mobilephone': '186755%527@', 'pwd': 'xiuyu123', 'regname': '修宇'} - [request.py:29]
2019-06-09 17:48:55,922 - request - INFO - response：{"status":0,"code":"20109","data":null,"msg":"手机号码格式不正确"} - [request.py:34]
2019-06-09 17:48:56,137 - api - INFO - 第7行用例执行结果：PASS - [test_api.py:80]
2019-06-09 17:48:56,153 - request - INFO - method：GET  url：http://192.168.81.131:8888/futureloan/mvc/api/member/register - [request.py:28]
2019-06-09 17:48:56,153 - request - INFO - data：{'mobilephone': 18675512712, 'pwd': 'xiuyu123', 'regname': '修宇'} - [request.py:29]
2019-06-09 17:48:56,163 - request - INFO - response：{"status":1,"code":"10001","data":null,"msg":"注册成功"} - [request.py:34]
2019-06-09 17:48:56,398 - api - INFO - 第8行用例执行结果：PASS - [test_api.py:80]
2019-06-09 17:48:56,415 - request - INFO - method：POST  url：http://192.168.81.131:8888/futureloan/mvc/api/member/register - [request.py:28]
2019-06-09 17:48:56,415 - request - INFO - data：{'mobilephone': '18675512527', 'pwd': 'xiu12', 'regname': '修宇'} - [request.py:29]
2019-06-09 17:48:56,419 - request - INFO - response：{"status":0,"code":"20108","data":null,"msg":"密码长度必须为6~18"} - [request.py:39]
2019-06-09 17:48:56,639 - api - INFO - 第9行用例执行结果：PASS - [test_api.py:80]
2019-06-09 17:48:56,659 - request - INFO - method：GET  url：http://192.168.81.131:8888/futureloan/mvc/api/member/register - [request.py:28]
2019-06-09 17:48:56,660 - request - INFO - data：{'mobilephone': 18675512713, 'pwd': '123456789012345678', 'regname': '修宇'} - [request.py:29]
2019-06-09 17:48:56,676 - request - INFO - response：{"status":1,"code":"10001","data":null,"msg":"注册成功"} - [request.py:34]
2019-06-09 17:48:56,900 - api - INFO - 第10行用例执行结果：PASS - [test_api.py:80]
2019-06-09 17:48:56,920 - request - INFO - method：POST  url：http://192.168.81.131:8888/futureloan/mvc/api/member/register - [request.py:28]
2019-06-09 17:48:56,921 - request - INFO - data：{'mobilephone': '18675512527', 'pwd': '123456789012345678a', 'regname': '修宇'} - [request.py:29]
2019-06-09 17:48:56,928 - request - INFO - response：{"status":0,"code":"20108","data":null,"msg":"密码长度必须为6~18"} - [request.py:39]
2019-06-09 17:48:57,149 - api - INFO - 第11行用例执行结果：PASS - [test_api.py:80]
2019-06-09 17:48:57,171 - request - INFO - method：GET  url：http://192.168.81.131:8888/futureloan/mvc/api/member/register - [request.py:28]
2019-06-09 17:48:57,171 - request - INFO - data：{'mobilephone': 18675512714, 'pwd': 'xiuyu%123', 'regname': '修宇'} - [request.py:29]
2019-06-09 17:48:57,181 - request - INFO - response：{"status":1,"code":"10001","data":null,"msg":"注册成功"} - [request.py:34]
2019-06-09 17:48:57,410 - api - INFO - 第12行用例执行结果：PASS - [test_api.py:80]
2019-06-09 17:48:57,429 - request - INFO - method：POST  url：http://192.168.81.131:8888/futureloan/mvc/api/member/register - [request.py:28]
2019-06-09 17:48:57,430 - request - INFO - data：{'mobilephone': 18675512715, 'pwd': 'xiuyu_123', 'regname': '修宇'} - [request.py:29]
2019-06-09 17:48:57,439 - request - INFO - response：{"status":1,"code":"10001","data":null,"msg":"注册成功"} - [request.py:39]
2019-06-09 17:48:57,684 - api - INFO - 第13行用例执行结果：PASS - [test_api.py:80]
2019-06-09 17:48:57,699 - request - INFO - method：GET  url：http://192.168.81.131:8888/futureloan/mvc/api/member/register - [request.py:28]
2019-06-09 17:48:57,699 - request - INFO - data：{'mobilephone': 18675512716, 'pwd': 'xiuyu123', 'regname': ''} - [request.py:29]
2019-06-09 17:48:57,707 - request - INFO - response：{"status":1,"code":"10001","data":null,"msg":"注册成功"} - [request.py:34]
2019-06-09 17:48:57,923 - api - INFO - 第14行用例执行结果：PASS - [test_api.py:80]
2019-06-09 17:48:57,939 - request - INFO - method：POST  url：http://192.168.81.131:8888/futureloan/mvc/api/member/register - [request.py:28]
2019-06-09 17:48:57,940 - request - INFO - data：{'mobilephone': 18675512717, 'pwd': 'xiuyu123', 'regname': '修&宇'} - [request.py:29]
2019-06-09 17:48:57,952 - request - INFO - response：{"status":1,"code":"10001","data":null,"msg":"注册成功"} - [request.py:39]
2019-06-09 17:48:58,179 - api - INFO - 第15行用例执行结果：PASS - [test_api.py:80]
2019-06-09 17:48:58,195 - request - INFO - method：GET  url：http://192.168.81.131:8888/futureloan/mvc/api/member/register - [request.py:28]
2019-06-09 17:48:58,195 - request - INFO - data：{'mobilephone': '18675512527', 'pwd': 'xiuyu123', 'regname': '修宇'} - [request.py:29]
2019-06-09 17:48:58,201 - request - INFO - response：{"status":0,"code":"20110","data":null,"msg":"手机号码已被注册"} - [request.py:34]
2019-06-09 17:48:58,424 - api - INFO - 第16行用例执行结果：PASS - [test_api.py:80]
2019-06-09 17:48:58,425 - invest - INFO - 开始执行第1行用例 - [test_invest.py:38]
2019-06-09 17:48:58,425 - invest - INFO - Expected：{"status":1,"code":"10001","data":null,"msg":"登录成功"} - [test_invest.py:39]
2019-06-09 17:48:58,429 - request - INFO - method：POST  url：http://192.168.81.131:8888/futureloan/mvc/api/member/login - [request.py:28]
2019-06-09 17:48:58,429 - request - INFO - data：{'mobilephone': '18675512524', 'pwd': 'xiuyu123'} - [request.py:29]
2019-06-09 17:48:58,437 - request - INFO - response：{"status":1,"code":"10001","data":null,"msg":"登录成功"} - [request.py:39]
2019-06-09 17:48:58,659 - invest - INFO - 第1行用例执行结果：PASS - [test_invest.py:53]
2019-06-09 17:48:58,660 - invest - INFO - 开始执行第2行用例 - [test_invest.py:38]
2019-06-09 17:48:58,660 - invest - INFO - Expected：{"status":1,"code":"10001","data":null,"msg":"加标成功"} - [test_invest.py:39]
2019-06-09 17:48:58,662 - request - INFO - method：GET  url：http://192.168.81.131:8888/futureloan/mvc/api/loan/add - [request.py:28]
2019-06-09 17:48:58,663 - request - INFO - data：{'memberId': '82', 'title': '试试人品行不行，借个2w玩玩', 'amount': '20000', 'loanRate': '24', 'loanTerm': '31', 'loanDateType': '4', 'repaymemtWay': '11', 'biddingDays': '10'} - [request.py:29]
2019-06-09 17:48:58,674 - request - INFO - response：{"status":1,"code":"10001","data":null,"msg":"加标成功"} - [request.py:34]
2019-06-09 17:48:58,901 - invest - INFO - 第2行用例执行结果：PASS - [test_invest.py:53]
2019-06-09 17:48:58,917 - invest - INFO - 开始执行第3行用例 - [test_invest.py:38]
2019-06-09 17:48:58,917 - invest - INFO - Expected：{"status":1,"code":"10001","data":null,"msg":"更新状态成功：竞标开始，当前标为竞标中状态"} - [test_invest.py:39]
2019-06-09 17:48:58,919 - request - INFO - method：POST  url：http://192.168.81.131:8888/futureloan/mvc/api/loan/audit - [request.py:28]
2019-06-09 17:48:58,919 - request - INFO - data：{'id': '558', 'status': '4'} - [request.py:29]
2019-06-09 17:48:58,932 - request - INFO - response：{"status":1,"code":"10001","data":null,"msg":"更新状态成功：竞标开始，当前标为竞标中状态"} - [request.py:39]
2019-06-09 17:48:59,151 - invest - INFO - 第3行用例执行结果：PASS - [test_invest.py:53]
2019-06-09 17:48:59,152 - invest - INFO - 开始执行第4行用例 - [test_invest.py:38]
2019-06-09 17:48:59,152 - invest - INFO - Expected：{"status":1,"code":"10001","data":null,"msg":"登录成功"} - [test_invest.py:39]
2019-06-09 17:48:59,154 - request - INFO - method：GET  url：http://192.168.81.131:8888/futureloan/mvc/api/member/login - [request.py:28]
2019-06-09 17:48:59,154 - request - INFO - data：{'mobilephone': '18675512527', 'pwd': 'xiuyu123'} - [request.py:29]
2019-06-09 17:48:59,161 - request - INFO - response：{"status":1,"code":"10001","data":null,"msg":"登录成功"} - [request.py:34]
2019-06-09 17:48:59,414 - invest - INFO - 第4行用例执行结果：PASS - [test_invest.py:53]
2019-06-09 17:48:59,415 - invest - INFO - 开始执行第5行用例 - [test_invest.py:38]
2019-06-09 17:48:59,416 - invest - INFO - Expected：{"status":1,"code":"10001","data":{"id":80,"regname":"修宇-投资人","pwd":"25A60A0B094FBFE126008AB87594B13E","mobilephone":"18675512527","leaveamount":"14922116.00","type":"1","regtime":"2019-03-29 22:58:37.0"},"msg":"充值成功"} - [test_invest.py:39]
2019-06-09 17:48:59,418 - request - INFO - method：POST  url：http://192.168.81.131:8888/futureloan/mvc/api/member/recharge - [request.py:28]
2019-06-09 17:48:59,418 - request - INFO - data：{'mobilephone': '18675512527', 'amount': '20400'} - [request.py:29]
2019-06-09 17:48:59,493 - request - INFO - response：{"status":1,"code":"10001","data":{"id":80,"regname":"修宇-投资人","pwd":"25A60A0B094FBFE126008AB87594B13E","mobilephone":"18675512527","leaveamount":"29523524.00","type":"1","regtime":"2019-03-29 22:58:37.0"},"msg":"充值成功"} - [request.py:39]
2019-06-09 17:48:59,729 - invest - INFO - 第5行用例执行结果：PASS - [test_invest.py:53]
2019-06-09 17:48:59,730 - invest - INFO - 开始执行第6行用例 - [test_invest.py:38]
2019-06-09 17:48:59,730 - invest - INFO - Expected：{"status":1,"code":"10001","data":null,"msg":"竞标成功"} - [test_invest.py:39]
2019-06-09 17:48:59,732 - request - INFO - method：GET  url：http://192.168.81.131:8888/futureloan/mvc/api/member/bidLoan - [request.py:28]
2019-06-09 17:48:59,732 - request - INFO - data：{'memberId': '80', 'password': 'xiuyu123', 'loanId': '558', 'amount': '100'} - [request.py:29]
2019-06-09 17:48:59,750 - request - INFO - response：{"status":1,"code":"10001","data":null,"msg":"竞标成功"} - [request.py:34]
2019-06-09 17:48:59,981 - invest - INFO - 第6行用例执行结果：PASS - [test_invest.py:53]
2019-06-09 17:48:59,981 - invest - INFO - 开始执行第7行用例 - [test_invest.py:38]
2019-06-09 17:48:59,981 - invest - INFO - Expected：{"status":0,"code":"11003","data":null,"msg":"参数错误:所有参数都不能为空"} - [test_invest.py:39]
2019-06-09 17:48:59,983 - request - INFO - method：POST  url：http://192.168.81.131:8888/futureloan/mvc/api/member/bidLoan - [request.py:28]
2019-06-09 17:48:59,983 - request - INFO - data：{'memberId': '', 'password': 'xiuyu123', 'loanId': '558', 'amount': '100'} - [request.py:29]
2019-06-09 17:48:59,988 - request - INFO - response：{"status":0,"code":"11003","data":null,"msg":"参数错误:所有参数都不能为空"} - [request.py:39]
2019-06-09 17:49:00,272 - invest - INFO - 第7行用例执行结果：PASS - [test_invest.py:53]
2019-06-09 17:49:00,272 - invest - INFO - 开始执行第8行用例 - [test_invest.py:38]
2019-06-09 17:49:00,272 - invest - INFO - Expected：{"status":0,"code":"11003","data":null,"msg":"参数错误:所有参数都不能为空"} - [test_invest.py:39]
2019-06-09 17:49:00,274 - request - INFO - method：GET  url：http://192.168.81.131:8888/futureloan/mvc/api/member/bidLoan - [request.py:28]
2019-06-09 17:49:00,274 - request - INFO - data：{'memberId': '80', 'password': '', 'loanId': '558', 'amount': '100'} - [request.py:29]
2019-06-09 17:49:00,280 - request - INFO - response：{"status":0,"code":"11003","data":null,"msg":"参数错误:所有参数都不能为空"} - [request.py:34]
2019-06-09 17:49:00,503 - invest - INFO - 第8行用例执行结果：PASS - [test_invest.py:53]
2019-06-09 17:49:00,503 - invest - INFO - 开始执行第9行用例 - [test_invest.py:38]
2019-06-09 17:49:00,503 - invest - INFO - Expected：{"status":0,"code":"11003","data":null,"msg":"参数错误:所有参数都不能为空"} - [test_invest.py:39]
2019-06-09 17:49:00,505 - request - INFO - method：POST  url：http://192.168.81.131:8888/futureloan/mvc/api/member/bidLoan - [request.py:28]
2019-06-09 17:49:00,505 - request - INFO - data：{'memberId': '80', 'password': 'xiuyu123', 'loanId': '', 'amount': '100'} - [request.py:29]
2019-06-09 17:49:00,510 - request - INFO - response：{"status":0,"code":"11003","data":null,"msg":"参数错误:所有参数都不能为空"} - [request.py:39]
2019-06-09 17:49:00,733 - invest - INFO - 第9行用例执行结果：PASS - [test_invest.py:53]
2019-06-09 17:49:00,733 - invest - INFO - 开始执行第10行用例 - [test_invest.py:38]
2019-06-09 17:49:00,734 - invest - INFO - Expected：{"status":0,"code":"11003","data":null,"msg":"参数错误:所有参数都不能为空"} - [test_invest.py:39]
2019-06-09 17:49:00,736 - request - INFO - method：GET  url：http://192.168.81.131:8888/futureloan/mvc/api/member/bidLoan - [request.py:28]
2019-06-09 17:49:00,736 - request - INFO - data：{'memberId': '80', 'password': 'xiuyu123', 'loanId': '558', 'amount': ''} - [request.py:29]
2019-06-09 17:49:00,744 - request - INFO - response：{"status":0,"code":"11003","data":null,"msg":"参数错误:所有参数都不能为空"} - [request.py:34]
2019-06-09 17:49:00,972 - invest - INFO - 第10行用例执行结果：PASS - [test_invest.py:53]
2019-06-09 17:49:00,973 - invest - INFO - 开始执行第11行用例 - [test_invest.py:38]
2019-06-09 17:49:00,973 - invest - INFO - Expected：{"status":0,"code":"11004","data":null,"msg":"参数错误，memberId必须是大于0的正整数"} - [test_invest.py:39]
2019-06-09 17:49:00,974 - request - INFO - method：POST  url：http://192.168.81.131:8888/futureloan/mvc/api/member/bidLoan - [request.py:28]
2019-06-09 17:49:00,975 - request - INFO - data：{'memberId': '0', 'password': 'xiuyu123', 'loanId': '558', 'amount': '100'} - [request.py:29]
2019-06-09 17:49:00,982 - request - INFO - response：{"status":0,"code":"11004","data":null,"msg":"参数错误，memberId必须是大于0的正整数"} - [request.py:39]
2019-06-09 17:49:01,258 - invest - INFO - 第11行用例执行结果：PASS - [test_invest.py:53]
2019-06-09 17:49:01,258 - invest - INFO - 开始执行第12行用例 - [test_invest.py:38]
2019-06-09 17:49:01,258 - invest - INFO - Expected：{"status":0,"code":"11008","data":null,"msg":"不存在该用户"} - [test_invest.py:39]
2019-06-09 17:49:01,260 - request - INFO - method：GET  url：http://192.168.81.131:8888/futureloan/mvc/api/member/bidLoan - [request.py:28]
2019-06-09 17:49:01,260 - request - INFO - data：{'memberId': '1', 'password': 'xiuyu123', 'loanId': '558', 'amount': '100'} - [request.py:29]
2019-06-09 17:49:01,270 - request - INFO - response：{"status":0,"code":"11008","data":null,"msg":"不存在该用户"} - [request.py:34]
2019-06-09 17:49:01,484 - invest - INFO - 第12行用例执行结果：PASS - [test_invest.py:53]
2019-06-09 17:49:01,484 - invest - INFO - 开始执行第13行用例 - [test_invest.py:38]
2019-06-09 17:49:01,485 - invest - INFO - Expected：{"status":0,"code":"11013","data":null,"msg":"请根据数值参数的类型对应输入合法的数字"} - [test_invest.py:39]
2019-06-09 17:49:01,487 - request - INFO - method：POST  url：http://192.168.81.131:8888/futureloan/mvc/api/member/bidLoan - [request.py:28]
2019-06-09 17:49:01,487 - request - INFO - data：{'memberId': '80.1', 'password': 'xiuyu123', 'loanId': '558', 'amount': '100'} - [request.py:29]
2019-06-09 17:49:01,494 - request - INFO - response：{"status":0,"code":"11013","data":null,"msg":"请根据数值参数的类型对应输入合法的数字"} - [request.py:39]
2019-06-09 17:49:01,724 - invest - INFO - 第13行用例执行结果：PASS - [test_invest.py:53]
2019-06-09 17:49:01,725 - invest - INFO - 开始执行第14行用例 - [test_invest.py:38]
2019-06-09 17:49:01,725 - invest - INFO - Expected：{"status":0,"code":"11004","data":null,"msg":"参数错误，memberId必须是大于0的正整数"} - [test_invest.py:39]
2019-06-09 17:49:01,727 - request - INFO - method：GET  url：http://192.168.81.131:8888/futureloan/mvc/api/member/bidLoan - [request.py:28]
2019-06-09 17:49:01,727 - request - INFO - data：{'memberId': '-80', 'password': 'xiuyu123', 'loanId': '558', 'amount': '100'} - [request.py:29]
2019-06-09 17:49:01,733 - request - INFO - response：{"status":0,"code":"11004","data":null,"msg":"参数错误，memberId必须是大于0的正整数"} - [request.py:34]
2019-06-09 17:49:01,952 - invest - INFO - 第14行用例执行结果：PASS - [test_invest.py:53]
2019-06-09 17:49:01,952 - invest - INFO - 开始执行第15行用例 - [test_invest.py:38]
2019-06-09 17:49:01,953 - invest - INFO - Expected：{"status":0,"code":"11013","data":null,"msg":"请根据数值参数的类型对应输入合法的数字"} - [test_invest.py:39]
2019-06-09 17:49:01,954 - request - INFO - method：POST  url：http://192.168.81.131:8888/futureloan/mvc/api/member/bidLoan - [request.py:28]
2019-06-09 17:49:01,955 - request - INFO - data：{'memberId': 'abc', 'password': 'xiuyu123', 'loanId': '558', 'amount': '100'} - [request.py:29]
2019-06-09 17:49:01,965 - request - INFO - response：{"status":0,"code":"11013","data":null,"msg":"请根据数值参数的类型对应输入合法的数字"} - [request.py:39]
2019-06-09 17:49:02,231 - invest - INFO - 第15行用例执行结果：PASS - [test_invest.py:53]
2019-06-09 17:49:02,232 - invest - INFO - 开始执行第16行用例 - [test_invest.py:38]
2019-06-09 17:49:02,232 - invest - INFO - Expected：{"status":0,"code":"11013","data":null,"msg":"请根据数值参数的类型对应输入合法的数字"} - [test_invest.py:39]
2019-06-09 17:49:02,234 - request - INFO - method：GET  url：http://192.168.81.131:8888/futureloan/mvc/api/member/bidLoan - [request.py:28]
2019-06-09 17:49:02,234 - request - INFO - data：{'memberId': '%', 'password': 'xiuyu123', 'loanId': '558', 'amount': '100'} - [request.py:29]
2019-06-09 17:49:02,239 - request - INFO - response：{"status":0,"code":"11013","data":null,"msg":"请根据数值参数的类型对应输入合法的数字"} - [request.py:34]
2019-06-09 17:49:02,452 - invest - INFO - 第16行用例执行结果：PASS - [test_invest.py:53]
2019-06-09 17:49:02,452 - invest - INFO - 开始执行第17行用例 - [test_invest.py:38]
2019-06-09 17:49:02,452 - invest - INFO - Expected：{"status":0,"code":"11005","data":null,"msg":"参数错误，loadId必须是大于0的正整数"} - [test_invest.py:39]
2019-06-09 17:49:02,454 - request - INFO - method：POST  url：http://192.168.81.131:8888/futureloan/mvc/api/member/bidLoan - [request.py:28]
2019-06-09 17:49:02,454 - request - INFO - data：{'memberId': '80', 'password': 'xiuyu123', 'loanId': '0', 'amount': '100'} - [request.py:29]
2019-06-09 17:49:02,461 - request - INFO - response：{"status":0,"code":"11009","data":null,"msg":"不存在该标的"} - [request.py:39]
2019-06-09 17:49:02,684 - invest - ERROR - 断言出错了：'11005' != '11009'
- 11005
?     ^
+ 11009
?     ^
 : invest error - [test_invest.py:75]
2019-06-09 17:49:02,684 - invest - ERROR - 第17行用例执行结果：FAIL - [test_invest.py:76]
2019-06-09 17:49:02,765 - invest - INFO - 开始执行第18行用例 - [test_invest.py:38]
2019-06-09 17:49:02,765 - invest - INFO - Expected：{"status":0,"code":"11009","data":null,"msg":"不存在该标的"} - [test_invest.py:39]
2019-06-09 17:49:02,766 - request - INFO - method：GET  url：http://192.168.81.131:8888/futureloan/mvc/api/member/bidLoan - [request.py:28]
2019-06-09 17:49:02,767 - request - INFO - data：{'memberId': '80', 'password': 'xiuyu123', 'loanId': '1', 'amount': '100'} - [request.py:29]
2019-06-09 17:49:02,773 - request - INFO - response：{"status":0,"code":"11009","data":null,"msg":"不存在该标的"} - [request.py:34]
2019-06-09 17:49:03,000 - invest - INFO - 第18行用例执行结果：PASS - [test_invest.py:53]
2019-06-09 17:49:03,000 - invest - INFO - 开始执行第19行用例 - [test_invest.py:38]
2019-06-09 17:49:03,000 - invest - INFO - Expected：{"status":0,"code":"11005","data":null,"msg":"参数错误，loadId必须是大于0的正整数"} - [test_invest.py:39]
2019-06-09 17:49:03,002 - request - INFO - method：POST  url：http://192.168.81.131:8888/futureloan/mvc/api/member/bidLoan - [request.py:28]
2019-06-09 17:49:03,002 - request - INFO - data：{'memberId': '80', 'password': 'xiuyu123', 'loanId': '558.1', 'amount': '100'} - [request.py:29]
2019-06-09 17:49:03,008 - request - INFO - response：{"status":0,"code":"11009","data":null,"msg":"不存在该标的"} - [request.py:39]
2019-06-09 17:49:03,239 - invest - ERROR - 断言出错了：'11005' != '11009'
- 11005
?     ^
+ 11009
?     ^
 : invest error - [test_invest.py:75]
2019-06-09 17:49:03,239 - invest - ERROR - 第19行用例执行结果：FAIL - [test_invest.py:76]
2019-06-09 17:49:03,240 - invest - INFO - 开始执行第20行用例 - [test_invest.py:38]
2019-06-09 17:49:03,240 - invest - INFO - Expected：{"status":0,"code":"11005","data":null,"msg":"参数错误，loadId必须是大于0的正整数"} - [test_invest.py:39]
2019-06-09 17:49:03,241 - request - INFO - method：GET  url：http://192.168.81.131:8888/futureloan/mvc/api/member/bidLoan - [request.py:28]
2019-06-09 17:49:03,241 - request - INFO - data：{'memberId': '80', 'password': 'xiuyu123', 'loanId': '-558', 'amount': '100'} - [request.py:29]
2019-06-09 17:49:03,249 - request - INFO - response：{"status":0,"code":"11009","data":null,"msg":"不存在该标的"} - [request.py:34]
2019-06-09 17:49:03,487 - invest - ERROR - 断言出错了：'11005' != '11009'
- 11005
?     ^
+ 11009
?     ^
 : invest error - [test_invest.py:75]
2019-06-09 17:49:03,488 - invest - ERROR - 第20行用例执行结果：FAIL - [test_invest.py:76]
2019-06-09 17:49:03,488 - invest - INFO - 开始执行第21行用例 - [test_invest.py:38]
2019-06-09 17:49:03,488 - invest - INFO - Expected：{"status":0,"code":"11013","data":null,"msg":"请根据数值参数的类型对应输入合法的数字"} - [test_invest.py:39]
2019-06-09 17:49:03,489 - request - INFO - method：POST  url：http://192.168.81.131:8888/futureloan/mvc/api/member/bidLoan - [request.py:28]
2019-06-09 17:49:03,490 - request - INFO - data：{'memberId': '80', 'password': 'xiuyu123', 'loanId': 'abc', 'amount': '100'} - [request.py:29]
2019-06-09 17:49:03,499 - request - INFO - response：{"status":0,"code":"11009","data":null,"msg":"不存在该标的"} - [request.py:39]
2019-06-09 17:49:03,727 - invest - ERROR - 断言出错了：'11013' != '11009'
- 11013
+ 11009
 : invest error - [test_invest.py:75]
2019-06-09 17:49:03,727 - invest - ERROR - 第21行用例执行结果：FAIL - [test_invest.py:76]
2019-06-09 17:49:03,728 - invest - INFO - 开始执行第22行用例 - [test_invest.py:38]
2019-06-09 17:49:03,728 - invest - INFO - Expected：{"status":0,"code":"11013","data":null,"msg":"请根据数值参数的类型对应输入合法的数字"} - [test_invest.py:39]
2019-06-09 17:49:03,731 - request - INFO - method：GET  url：http://192.168.81.131:8888/futureloan/mvc/api/member/bidLoan - [request.py:28]
2019-06-09 17:49:03,731 - request - INFO - data：{'memberId': '80', 'password': 'xiuyu123', 'loanId': '%', 'amount': '100'} - [request.py:29]
2019-06-09 17:49:03,738 - request - INFO - response：{"status":0,"code":"11009","data":null,"msg":"不存在该标的"} - [request.py:34]
2019-06-09 17:49:03,967 - invest - ERROR - 断言出错了：'11013' != '11009'
- 11013
+ 11009
 : invest error - [test_invest.py:75]
2019-06-09 17:49:03,968 - invest - ERROR - 第22行用例执行结果：FAIL - [test_invest.py:76]
2019-06-09 17:49:03,968 - invest - INFO - 开始执行第23行用例 - [test_invest.py:38]
2019-06-09 17:49:03,969 - invest - INFO - Expected：{"status":0,"code":"11006","data":null,"msg":"参数错误，password长度必须大于6位且小于18位"} - [test_invest.py:39]
2019-06-09 17:49:03,970 - request - INFO - method：GET  url：http://192.168.81.131:8888/futureloan/mvc/api/member/bidLoan - [request.py:28]
2019-06-09 17:49:03,970 - request - INFO - data：{'memberId': '80', 'password': '0', 'loanId': '558', 'amount': '100'} - [request.py:29]
2019-06-09 17:49:03,977 - request - INFO - response：{"status":0,"code":"11006","data":null,"msg":"参数错误，password长度必须大于6位且小于18位"} - [request.py:34]
2019-06-09 17:49:04,211 - invest - INFO - 第23行用例执行结果：PASS - [test_invest.py:53]
2019-06-09 17:49:04,211 - invest - INFO - 开始执行第24行用例 - [test_invest.py:38]
2019-06-09 17:49:04,211 - invest - INFO - Expected：{"status":0,"code":"11006","data":null,"msg":"参数错误，password长度必须大于6位且小于18位"} - [test_invest.py:39]
2019-06-09 17:49:04,221 - request - INFO - method：POST  url：http://192.168.81.131:8888/futureloan/mvc/api/member/bidLoan - [request.py:28]
2019-06-09 17:49:04,222 - request - INFO - data：{'memberId': '80', 'password': 'xiuyu', 'loanId': '558', 'amount': '100'} - [request.py:29]
2019-06-09 17:49:04,239 - request - INFO - response：{"status":0,"code":"11006","data":null,"msg":"参数错误，password长度必须大于6位且小于18位"} - [request.py:39]
2019-06-09 17:49:04,491 - invest - INFO - 第24行用例执行结果：PASS - [test_invest.py:53]
2019-06-09 17:49:04,491 - invest - INFO - 开始执行第25行用例 - [test_invest.py:38]
2019-06-09 17:49:04,492 - invest - INFO - Expected：{"status":1,"code":"10001","data":{"id":80,"regname":"修宇-投资人","pwd":"25A60A0B094FBFE126008AB87594B13E","mobilephone":"18675512527","leaveamount":"15432116.00","type":"1","regtime":"2019-03-29 22:58:37.0"},"msg":"充值成功"} - [test_invest.py:39]
2019-06-09 17:49:04,493 - request - INFO - method：POST  url：http://192.168.81.131:8888/futureloan/mvc/api/member/recharge - [request.py:28]
2019-06-09 17:49:04,493 - request - INFO - data：{'mobilephone': '18675512522', 'amount': '100'} - [request.py:29]
2019-06-09 17:49:04,508 - request - INFO - response：{"status":1,"code":"10001","data":{"id":168,"regname":"修宇-密码6位","pwd":"E10ADC3949BA59ABBE56E057F20F883E","mobilephone":"18675512522","leaveamount":"300.00","type":"1","regtime":"2019-05-12 05:03:12.0"},"msg":"充值成功"} - [request.py:39]
2019-06-09 17:49:04,758 - invest - INFO - 第25行用例执行结果：PASS - [test_invest.py:53]
2019-06-09 17:49:04,758 - invest - INFO - 开始执行第26行用例 - [test_invest.py:38]
2019-06-09 17:49:04,758 - invest - INFO - Expected：{"status":1,"code":"10001","data":null,"msg":"竞标成功"} - [test_invest.py:39]
2019-06-09 17:49:04,761 - request - INFO - method：POST  url：http://192.168.81.131:8888/futureloan/mvc/api/member/bidLoan - [request.py:28]
2019-06-09 17:49:04,761 - request - INFO - data：{'memberId': '168', 'password': '123456', 'loanId': '558', 'amount': '100'} - [request.py:29]
2019-06-09 17:49:04,813 - request - INFO - response：{"status":1,"code":"10001","data":null,"msg":"竞标成功"} - [request.py:39]
2019-06-09 17:49:05,042 - invest - INFO - 第26行用例执行结果：PASS - [test_invest.py:53]
2019-06-09 17:49:05,042 - invest - INFO - 开始执行第27行用例 - [test_invest.py:38]
2019-06-09 17:49:05,042 - invest - INFO - Expected：{"status":1,"code":"10001","data":{"id":80,"regname":"修宇-投资人","pwd":"25A60A0B094FBFE126008AB87594B13E","mobilephone":"18675512527","leaveamount":"15432116.00","type":"1","regtime":"2019-03-29 22:58:37.0"},"msg":"充值成功"} - [test_invest.py:39]
2019-06-09 17:49:05,044 - request - INFO - method：POST  url：http://192.168.81.131:8888/futureloan/mvc/api/member/recharge - [request.py:28]
2019-06-09 17:49:05,044 - request - INFO - data：{'mobilephone': '18675512526', 'amount': '100'} - [request.py:29]
2019-06-09 17:49:05,058 - request - INFO - response：{"status":1,"code":"10001","data":{"id":79,"regname":"修宇-密码18位","pwd":"9EFEBB3D7D059BFF092842BF31DD2816","mobilephone":"18675512526","leaveamount":"9988100.00","type":"1","regtime":"2019-04-08 22:43:05.0"},"msg":"充值成功"} - [request.py:39]
2019-06-09 17:49:05,288 - invest - INFO - 第27行用例执行结果：PASS - [test_invest.py:53]
2019-06-09 17:49:05,289 - invest - INFO - 开始执行第28行用例 - [test_invest.py:38]
2019-06-09 17:49:05,289 - invest - INFO - Expected：{"status":1,"code":"10001","data":null,"msg":"竞标成功"} - [test_invest.py:39]
2019-06-09 17:49:05,291 - request - INFO - method：POST  url：http://192.168.81.131:8888/futureloan/mvc/api/member/bidLoan - [request.py:28]
2019-06-09 17:49:05,291 - request - INFO - data：{'memberId': '79', 'password': '123456789012345678', 'loanId': '558', 'amount': '100'} - [request.py:29]
2019-06-09 17:49:05,310 - request - INFO - response：{"status":1,"code":"10001","data":null,"msg":"竞标成功"} - [request.py:39]
2019-06-09 17:49:05,545 - invest - INFO - 第28行用例执行结果：PASS - [test_invest.py:53]
2019-06-09 17:49:05,546 - invest - INFO - 开始执行第29行用例 - [test_invest.py:38]
2019-06-09 17:49:05,546 - invest - INFO - Expected：{"status":0,"code":"11006","data":null,"msg":"参数错误，password长度必须大于6位且小于18位"} - [test_invest.py:39]
2019-06-09 17:49:05,548 - request - INFO - method：GET  url：http://192.168.81.131:8888/futureloan/mvc/api/member/bidLoan - [request.py:28]
2019-06-09 17:49:05,548 - request - INFO - data：{'memberId': '80', 'password': '1234567890123456789', 'loanId': '558', 'amount': '100'} - [request.py:29]
2019-06-09 17:49:05,553 - request - INFO - response：{"status":0,"code":"11006","data":null,"msg":"参数错误，password长度必须大于6位且小于18位"} - [request.py:34]
2019-06-09 17:49:05,778 - invest - INFO - 第29行用例执行结果：PASS - [test_invest.py:53]
2019-06-09 17:49:05,779 - invest - INFO - 开始执行第30行用例 - [test_invest.py:38]
2019-06-09 17:49:05,779 - invest - INFO - Expected：{"status":0,"code":"","data":null,"msg":"密码错误"} - [test_invest.py:39]
2019-06-09 17:49:05,783 - request - INFO - method：POST  url：http://192.168.81.131:8888/futureloan/mvc/api/member/bidLoan - [request.py:28]
2019-06-09 17:49:05,783 - request - INFO - data：{'memberId': '80', 'password': '1234567890', 'loanId': '558', 'amount': '100'} - [request.py:29]
2019-06-09 17:49:05,789 - request - INFO - response：{"status":0,"code":"","data":null,"msg":"密码错误"} - [request.py:39]
2019-06-09 17:49:06,007 - invest - INFO - 第30行用例执行结果：PASS - [test_invest.py:53]
2019-06-09 17:49:06,007 - invest - INFO - 开始执行第31行用例 - [test_invest.py:38]
2019-06-09 17:49:06,008 - invest - INFO - Expected：{"status":0,"code":"11007","data":null,"msg":"参数错误，投资金额必须是能被100整除的正整数"} - [test_invest.py:39]
2019-06-09 17:49:06,009 - request - INFO - method：POST  url：http://192.168.81.131:8888/futureloan/mvc/api/member/bidLoan - [request.py:28]
2019-06-09 17:49:06,009 - request - INFO - data：{'memberId': '80', 'password': 'xiuyu123', 'loanId': '558', 'amount': '0'} - [request.py:29]
2019-06-09 17:49:06,017 - request - INFO - response：{"status":0,"code":"11007","data":null,"msg":"参数错误，投资金额必须是能被100整除的正整数"} - [request.py:39]
2019-06-09 17:49:06,243 - invest - INFO - 第31行用例执行结果：PASS - [test_invest.py:53]
2019-06-09 17:49:06,244 - invest - INFO - 开始执行第32行用例 - [test_invest.py:38]
2019-06-09 17:49:06,244 - invest - INFO - Expected：{"status":0,"code":"11007","data":null,"msg":"参数错误，投资金额必须是能被100整除的正整数"} - [test_invest.py:39]
2019-06-09 17:49:06,245 - request - INFO - method：POST  url：http://192.168.81.131:8888/futureloan/mvc/api/member/bidLoan - [request.py:28]
2019-06-09 17:49:06,246 - request - INFO - data：{'memberId': '80', 'password': 'xiuyu123', 'loanId': '558', 'amount': '1'} - [request.py:29]
2019-06-09 17:49:06,253 - request - INFO - response：{"status":0,"code":"11007","data":null,"msg":"参数错误，投资金额必须是能被100整除的正整数"} - [request.py:39]
2019-06-09 17:49:06,488 - invest - INFO - 第32行用例执行结果：PASS - [test_invest.py:53]
2019-06-09 17:49:06,490 - invest - INFO - 开始执行第33行用例 - [test_invest.py:38]
2019-06-09 17:49:06,490 - invest - INFO - Expected：{"status":0,"code":"11007","data":null,"msg":"参数错误，投资金额必须是能被100整除的正整数"} - [test_invest.py:39]
2019-06-09 17:49:06,492 - request - INFO - method：POST  url：http://192.168.81.131:8888/futureloan/mvc/api/member/bidLoan - [request.py:28]
2019-06-09 17:49:06,492 - request - INFO - data：{'memberId': '80', 'password': 'xiuyu123', 'loanId': '558', 'amount': '99'} - [request.py:29]
2019-06-09 17:49:06,497 - request - INFO - response：{"status":0,"code":"11007","data":null,"msg":"参数错误，投资金额必须是能被100整除的正整数"} - [request.py:39]
2019-06-09 17:49:06,739 - invest - INFO - 第33行用例执行结果：PASS - [test_invest.py:53]
2019-06-09 17:49:06,740 - invest - INFO - 开始执行第34行用例 - [test_invest.py:38]
2019-06-09 17:49:06,741 - invest - INFO - Expected：{"status":0,"code":"11007","data":null,"msg":"参数错误，投资金额必须是能被100整除的正整数"} - [test_invest.py:39]
2019-06-09 17:49:06,743 - request - INFO - method：GET  url：http://192.168.81.131:8888/futureloan/mvc/api/member/bidLoan - [request.py:28]
2019-06-09 17:49:06,743 - request - INFO - data：{'memberId': '80', 'password': 'xiuyu123', 'loanId': '558', 'amount': '101'} - [request.py:29]
2019-06-09 17:49:06,751 - request - INFO - response：{"status":0,"code":"11007","data":null,"msg":"参数错误，投资金额必须是能被100整除的正整数"} - [request.py:34]
2019-06-09 17:49:06,983 - invest - INFO - 第34行用例执行结果：PASS - [test_invest.py:53]
2019-06-09 17:49:06,984 - invest - INFO - 开始执行第35行用例 - [test_invest.py:38]
2019-06-09 17:49:06,984 - invest - INFO - Expected：{"status":1,"code":"10001","data":null,"msg":"竞标成功"} - [test_invest.py:39]
2019-06-09 17:49:06,986 - request - INFO - method：POST  url：http://192.168.81.131:8888/futureloan/mvc/api/member/bidLoan - [request.py:28]
2019-06-09 17:49:06,986 - request - INFO - data：{'memberId': '80', 'password': 'xiuyu123', 'loanId': '558', 'amount': '200'} - [request.py:29]
2019-06-09 17:49:07,074 - request - INFO - response：{"status":1,"code":"10001","data":null,"msg":"竞标成功"} - [request.py:39]
2019-06-09 17:49:07,301 - invest - INFO - 第35行用例执行结果：PASS - [test_invest.py:53]
2019-06-09 17:49:07,302 - invest - INFO - 开始执行第36行用例 - [test_invest.py:38]
2019-06-09 17:49:07,302 - invest - INFO - Expected：{"status":0,"code":"11007","data":null,"msg":"参数错误，投资金额必须是能被100整除的正整数"} - [test_invest.py:39]
2019-06-09 17:49:07,304 - request - INFO - method：GET  url：http://192.168.81.131:8888/futureloan/mvc/api/member/bidLoan - [request.py:28]
2019-06-09 17:49:07,304 - request - INFO - data：{'memberId': '80', 'password': 'xiuyu123', 'loanId': '558', 'amount': '100.1'} - [request.py:29]
2019-06-09 17:49:07,308 - request - INFO - response：{"status":0,"code":"11007","data":null,"msg":"参数错误，投资金额必须是能被100整除的正整数"} - [request.py:34]
2019-06-09 17:49:07,542 - invest - INFO - 第36行用例执行结果：PASS - [test_invest.py:53]
2019-06-09 17:49:07,543 - invest - INFO - 开始执行第37行用例 - [test_invest.py:38]
2019-06-09 17:49:07,544 - invest - INFO - Expected：{"status":0,"code":"11007","data":null,"msg":"参数错误，投资金额必须是能被100整除的正整数"} - [test_invest.py:39]
2019-06-09 17:49:07,546 - request - INFO - method：GET  url：http://192.168.81.131:8888/futureloan/mvc/api/member/bidLoan - [request.py:28]
2019-06-09 17:49:07,546 - request - INFO - data：{'memberId': '80', 'password': 'xiuyu123', 'loanId': '558', 'amount': '-100'} - [request.py:29]
2019-06-09 17:49:07,553 - request - INFO - response：{"status":0,"code":"11007","data":null,"msg":"参数错误，投资金额必须是能被100整除的正整数"} - [request.py:34]
2019-06-09 17:49:07,785 - invest - INFO - 第37行用例执行结果：PASS - [test_invest.py:53]
2019-06-09 17:49:07,786 - invest - INFO - 开始执行第38行用例 - [test_invest.py:38]
2019-06-09 17:49:07,787 - invest - INFO - Expected：{"status":0,"code":"11013","data":null,"msg":"请根据数值参数的类型对应输入合法的数字"} - [test_invest.py:39]
2019-06-09 17:49:07,788 - request - INFO - method：POST  url：http://192.168.81.131:8888/futureloan/mvc/api/member/bidLoan - [request.py:28]
2019-06-09 17:49:07,789 - request - INFO - data：{'memberId': '80', 'password': 'xiuyu123', 'loanId': '558', 'amount': 'abc'} - [request.py:29]
2019-06-09 17:49:07,796 - request - INFO - response：{"status":0,"code":"11013","data":null,"msg":"请根据数值参数的类型对应输入合法的数字"} - [request.py:39]
2019-06-09 17:49:08,011 - invest - INFO - 第38行用例执行结果：PASS - [test_invest.py:53]
2019-06-09 17:49:08,012 - invest - INFO - 开始执行第39行用例 - [test_invest.py:38]
2019-06-09 17:49:08,012 - invest - INFO - Expected：{"status":0,"code":"11013","data":null,"msg":"请根据数值参数的类型对应输入合法的数字"} - [test_invest.py:39]
2019-06-09 17:49:08,016 - request - INFO - method：GET  url：http://192.168.81.131:8888/futureloan/mvc/api/member/bidLoan - [request.py:28]
2019-06-09 17:49:08,016 - request - INFO - data：{'memberId': '80', 'password': 'xiuyu123', 'loanId': '558', 'amount': '%'} - [request.py:29]
2019-06-09 17:49:08,022 - request - INFO - response：{"status":0,"code":"11013","data":null,"msg":"请根据数值参数的类型对应输入合法的数字"} - [request.py:34]
2019-06-09 17:49:08,251 - invest - INFO - 第39行用例执行结果：PASS - [test_invest.py:53]
2019-06-09 17:49:08,252 - invest - INFO - 开始执行第40行用例 - [test_invest.py:38]
2019-06-09 17:49:08,252 - invest - INFO - Expected：{"status":0,"code":"11008","data":null,"msg":"不存在该用户"} - [test_invest.py:39]
2019-06-09 17:49:08,253 - request - INFO - method：POST  url：http://192.168.81.131:8888/futureloan/mvc/api/member/bidLoan - [request.py:28]
2019-06-09 17:49:08,254 - request - INFO - data：{'memberId': '999', 'password': 'xiuyu123', 'loanId': '558', 'amount': '100'} - [request.py:29]
2019-06-09 17:49:08,259 - request - INFO - response：{"status":0,"code":"11008","data":null,"msg":"不存在该用户"} - [request.py:39]
2019-06-09 17:49:08,494 - invest - INFO - 第40行用例执行结果：PASS - [test_invest.py:53]
2019-06-09 17:49:08,494 - invest - INFO - 开始执行第41行用例 - [test_invest.py:38]
2019-06-09 17:49:08,495 - invest - INFO - Expected：{"status":0,"code":"11009","data":null,"msg":"不存在该标的"} - [test_invest.py:39]
2019-06-09 17:49:08,496 - request - INFO - method：GET  url：http://192.168.81.131:8888/futureloan/mvc/api/member/bidLoan - [request.py:28]
2019-06-09 17:49:08,496 - request - INFO - data：{'memberId': '80', 'password': 'xiuyu123', 'loanId': '0000', 'amount': '100'} - [request.py:29]
2019-06-09 17:49:08,506 - request - INFO - response：{"status":0,"code":"11009","data":null,"msg":"不存在该标的"} - [request.py:34]
2019-06-09 17:49:08,726 - invest - INFO - 第41行用例执行结果：PASS - [test_invest.py:53]
2019-06-09 17:49:08,727 - invest - INFO - 开始执行第42行用例 - [test_invest.py:38]
2019-06-09 17:49:08,727 - invest - INFO - Expected：{"status":1,"code":"10001","data":null,"msg":"加标成功"} - [test_invest.py:39]
2019-06-09 17:49:08,729 - request - INFO - method：GET  url：http://192.168.81.131:8888/futureloan/mvc/api/loan/add - [request.py:28]
2019-06-09 17:49:08,729 - request - INFO - data：{'memberId': '82', 'title': '让该标不在竞标中', 'amount': '20000', 'loanRate': '24', 'loanTerm': '31', 'loanDateType': '4', 'repaymemtWay': '11', 'biddingDays': '10'} - [request.py:29]
2019-06-09 17:49:08,740 - request - INFO - response：{"status":1,"code":"10001","data":null,"msg":"加标成功"} - [request.py:34]
2019-06-09 17:49:08,970 - invest - INFO - 第42行用例执行结果：PASS - [test_invest.py:53]
2019-06-09 17:49:09,188 - invest - INFO - 开始执行第43行用例 - [test_invest.py:38]
2019-06-09 17:49:09,189 - invest - INFO - Expected：{"status":1,"code":"10001","data":null,"msg":"更新状态成功：竞标开始，当前标为竞标中状态"} - [test_invest.py:39]
2019-06-09 17:49:09,191 - request - INFO - method：POST  url：http://192.168.81.131:8888/futureloan/mvc/api/loan/audit - [request.py:28]
2019-06-09 17:49:09,191 - request - INFO - data：{'id': '559', 'status': '5'} - [request.py:29]
2019-06-09 17:49:09,206 - request - INFO - response：{"status":1,"code":"10001","data":null,"msg":"更新状态成功：当前标为核保审批状态"} - [request.py:39]
2019-06-09 17:49:09,437 - invest - INFO - 第43行用例执行结果：PASS - [test_invest.py:53]
2019-06-09 17:49:09,437 - invest - INFO - 开始执行第44行用例 - [test_invest.py:38]
2019-06-09 17:49:09,438 - invest - INFO - Expected：{"status":0,"code":"11010","data":null,"msg":"该标不在竞标中状态，无法完成投标"} - [test_invest.py:39]
2019-06-09 17:49:09,440 - request - INFO - method：POST  url：http://192.168.81.131:8888/futureloan/mvc/api/member/bidLoan - [request.py:28]
2019-06-09 17:49:09,440 - request - INFO - data：{'memberId': '80', 'password': 'xiuyu123', 'loanId': '559', 'amount': '100'} - [request.py:29]
2019-06-09 17:49:09,447 - request - INFO - response：{"status":0,"code":"11010","data":null,"msg":"该标不在竞标中状态，无法完成投标"} - [request.py:39]
2019-06-09 17:49:09,667 - invest - INFO - 第44行用例执行结果：PASS - [test_invest.py:53]
2019-06-09 17:49:09,667 - invest - INFO - 开始执行第45行用例 - [test_invest.py:38]
2019-06-09 17:49:09,667 - invest - INFO - Expected：{"status":1,"code":"10001","data":null,"msg":"加标成功"} - [test_invest.py:39]
2019-06-09 17:49:09,669 - request - INFO - method：GET  url：http://192.168.81.131:8888/futureloan/mvc/api/loan/add - [request.py:28]
2019-06-09 17:49:09,670 - request - INFO - data：{'memberId': '82', 'title': '该标已投满', 'amount': '20000', 'loanRate': '24', 'loanTerm': '31', 'loanDateType': '4', 'repaymemtWay': '11', 'biddingDays': '10'} - [request.py:29]
2019-06-09 17:49:09,679 - request - INFO - response：{"status":1,"code":"10001","data":null,"msg":"加标成功"} - [request.py:34]
2019-06-09 17:49:09,903 - invest - INFO - 第45行用例执行结果：PASS - [test_invest.py:53]
2019-06-09 17:49:09,920 - invest - INFO - 开始执行第46行用例 - [test_invest.py:38]
2019-06-09 17:49:09,921 - invest - INFO - Expected：{"status":1,"code":"10001","data":null,"msg":"更新状态成功：竞标开始，当前标为竞标中状态"} - [test_invest.py:39]
2019-06-09 17:49:09,922 - request - INFO - method：POST  url：http://192.168.81.131:8888/futureloan/mvc/api/loan/audit - [request.py:28]
2019-06-09 17:49:09,922 - request - INFO - data：{'id': '560', 'status': '4'} - [request.py:29]
2019-06-09 17:49:09,933 - request - INFO - response：{"status":1,"code":"10001","data":null,"msg":"更新状态成功：竞标开始，当前标为竞标中状态"} - [request.py:39]
2019-06-09 17:49:10,152 - invest - INFO - 第46行用例执行结果：PASS - [test_invest.py:53]
2019-06-09 17:49:10,153 - invest - INFO - 开始执行第47行用例 - [test_invest.py:38]
2019-06-09 17:49:10,153 - invest - INFO - Expected：{"status":1,"code":"10001","data":null,"msg":"竞标成功"} - [test_invest.py:39]
2019-06-09 17:49:10,154 - request - INFO - method：GET  url：http://192.168.81.131:8888/futureloan/mvc/api/member/bidLoan - [request.py:28]
2019-06-09 17:49:10,154 - request - INFO - data：{'memberId': '80', 'password': 'xiuyu123', 'loanId': '560', 'amount': '20000'} - [request.py:29]
2019-06-09 17:49:10,207 - request - INFO - response：{"status":1,"code":"10001","data":null,"msg":"竞标成功"} - [request.py:34]
2019-06-09 17:49:10,434 - invest - INFO - 第47行用例执行结果：PASS - [test_invest.py:53]
2019-06-09 17:49:10,434 - invest - INFO - 开始执行第48行用例 - [test_invest.py:38]
2019-06-09 17:49:10,434 - invest - INFO - Expected：{"status":0,"code":"11011","data":null,"msg":"该标已经满标,无法进行投资"} - [test_invest.py:39]
2019-06-09 17:49:10,436 - request - INFO - method：GET  url：http://192.168.81.131:8888/futureloan/mvc/api/member/bidLoan - [request.py:28]
2019-06-09 17:49:10,436 - request - INFO - data：{'memberId': '80', 'password': 'xiuyu123', 'loanId': '560', 'amount': '100'} - [request.py:29]
2019-06-09 17:49:10,444 - request - INFO - response：{"status":0,"code":"11010","data":null,"msg":"该标不在竞标中状态，无法完成投标"} - [request.py:34]
2019-06-09 17:49:10,660 - invest - ERROR - 断言出错了：'11011' != '11010'
- 11011
?     ^
+ 11010
?     ^
 : invest error - [test_invest.py:75]
2019-06-09 17:49:10,660 - invest - ERROR - 第48行用例执行结果：FAIL - [test_invest.py:76]
2019-06-09 17:49:10,661 - invest - INFO - 开始执行第49行用例 - [test_invest.py:38]
2019-06-09 17:49:10,661 - invest - INFO - Expected：{"status":1,"code":"10001","data":null,"msg":"加标成功"} - [test_invest.py:39]
2019-06-09 17:49:10,664 - request - INFO - method：GET  url：http://192.168.81.131:8888/futureloan/mvc/api/loan/add - [request.py:28]
2019-06-09 17:49:10,664 - request - INFO - data：{'memberId': '82', 'title': '标的可投金额不足', 'amount': '1000', 'loanRate': '24', 'loanTerm': '31', 'loanDateType': '4', 'repaymemtWay': '11', 'biddingDays': '10'} - [request.py:29]
2019-06-09 17:49:10,675 - request - INFO - response：{"status":1,"code":"10001","data":null,"msg":"加标成功"} - [request.py:34]
2019-06-09 17:49:10,908 - invest - INFO - 第49行用例执行结果：PASS - [test_invest.py:53]
2019-06-09 17:49:10,921 - invest - INFO - 开始执行第50行用例 - [test_invest.py:38]
2019-06-09 17:49:10,921 - invest - INFO - Expected：{"status":1,"code":"10001","data":null,"msg":"更新状态成功：竞标开始，当前标为竞标中状态"} - [test_invest.py:39]
2019-06-09 17:49:10,923 - request - INFO - method：POST  url：http://192.168.81.131:8888/futureloan/mvc/api/loan/audit - [request.py:28]
2019-06-09 17:49:10,924 - request - INFO - data：{'id': '561', 'status': '4'} - [request.py:29]
2019-06-09 17:49:10,936 - request - INFO - response：{"status":1,"code":"10001","data":null,"msg":"更新状态成功：竞标开始，当前标为竞标中状态"} - [request.py:39]
2019-06-09 17:49:11,159 - invest - INFO - 第50行用例执行结果：PASS - [test_invest.py:53]
2019-06-09 17:49:11,159 - invest - INFO - 开始执行第51行用例 - [test_invest.py:38]
2019-06-09 17:49:11,159 - invest - INFO - Expected：{"status":0,"code":"11012","data":null,"msg":"该标可投金额不足，可投金额：1000.0"} - [test_invest.py:39]
2019-06-09 17:49:11,161 - request - INFO - method：POST  url：http://192.168.81.131:8888/futureloan/mvc/api/member/bidLoan - [request.py:28]
2019-06-09 17:49:11,161 - request - INFO - data：{'memberId': '80', 'password': 'xiuyu123', 'loanId': '561', 'amount': '1100'} - [request.py:29]
2019-06-09 17:49:11,172 - request - INFO - response：{"status":0,"code":"11012","data":null,"msg":"该标可投金额不足，可投金额：1000.0"} - [request.py:39]
2019-06-09 17:49:11,395 - invest - INFO - 第51行用例执行结果：PASS - [test_invest.py:53]
2019-06-09 17:49:11,396 - invest - INFO - 开始执行第52行用例 - [test_invest.py:38]
2019-06-09 17:49:11,396 - invest - INFO - Expected：{"status":0,"code":"11002","data":null,"msg":"服务器异常"} - [test_invest.py:39]
2019-06-09 17:49:11,398 - request - INFO - method：GET  url：http://192.168.81.131:8888/futureloan/mvc/api/member/bidLoan - [request.py:28]
2019-06-09 17:49:11,398 - request - INFO - data：{'memberId': '78', 'password': 'xiuyu123', 'loanId': '561', 'amount': '900'} - [request.py:29]
2019-06-09 17:49:11,422 - request - INFO - response：{"status":1,"code":"10001","data":null,"msg":"竞标成功"} - [request.py:34]
2019-06-09 17:49:11,644 - invest - ERROR - 断言出错了：'11002' != '10001'
- 11002
+ 10001
 : invest error - [test_invest.py:75]
2019-06-09 17:49:11,645 - invest - ERROR - 第52行用例执行结果：FAIL - [test_invest.py:76]
2019-06-09 17:49:11,646 - login - INFO - 开始执行第1行用例 - [test_login.py:33]
2019-06-09 17:49:11,648 - request - INFO - method：GET  url：http://192.168.81.131:8888/futureloan/mvc/api/member/login - [request.py:28]
2019-06-09 17:49:11,648 - request - INFO - data：{'mobilephone': '18675512527', 'pwd': 'xiuyu123'} - [request.py:29]
2019-06-09 17:49:11,656 - request - INFO - response：{"status":1,"code":"10001","data":null,"msg":"登录成功"} - [request.py:34]
2019-06-09 17:49:11,877 - login - INFO - 第1行用例执行结果：PASS - [test_login.py:42]
2019-06-09 17:49:11,878 - login - INFO - 开始执行第2行用例 - [test_login.py:33]
2019-06-09 17:49:11,880 - request - INFO - method：POST  url：http://192.168.81.131:8888/futureloan/mvc/api/member/login - [request.py:28]
2019-06-09 17:49:11,880 - request - INFO - data：{'mobilephone': '18675512527', 'pwd': 'xiuyu1234'} - [request.py:29]
2019-06-09 17:49:11,889 - request - INFO - response：{"status":0,"code":"20111","data":null,"msg":"用户名或密码错误"} - [request.py:39]
2019-06-09 17:49:12,108 - login - INFO - 第2行用例执行结果：PASS - [test_login.py:42]
2019-06-09 17:49:12,109 - login - INFO - 开始执行第3行用例 - [test_login.py:33]
2019-06-09 17:49:12,110 - request - INFO - method：GET  url：http://192.168.81.131:8888/futureloan/mvc/api/member/login - [request.py:28]
2019-06-09 17:49:12,111 - request - INFO - data：{'mobilephone': '18675512527', 'pwd': ''} - [request.py:29]
2019-06-09 17:49:12,115 - request - INFO - response：{"status":0,"code":"20103","data":null,"msg":"密码不能为空"} - [request.py:34]
2019-06-09 17:49:12,337 - login - INFO - 第3行用例执行结果：PASS - [test_login.py:42]
2019-06-09 17:49:12,337 - login - INFO - 开始执行第4行用例 - [test_login.py:33]
2019-06-09 17:49:12,339 - request - INFO - method：POST  url：http://192.168.81.131:8888/futureloan/mvc/api/member/login - [request.py:28]
2019-06-09 17:49:12,340 - request - INFO - data：{'mobilephone': '', 'pwd': 'xiuyu123'} - [request.py:29]
2019-06-09 17:49:12,344 - request - INFO - response：{"status":0,"code":"20103","data":null,"msg":"手机号不能为空"} - [request.py:39]
2019-06-09 17:49:12,568 - login - INFO - 第4行用例执行结果：PASS - [test_login.py:42]
2019-06-09 17:49:12,573 - login - INFO - 开始执行第5行用例 - [test_login.py:33]
2019-06-09 17:49:12,577 - request - INFO - method：GET  url：http://192.168.81.131:8888/futureloan/mvc/api/member/login - [request.py:28]
2019-06-09 17:49:12,578 - request - INFO - data：{'mobilephone': '15275512527', 'pwd': 'xiuyu123'} - [request.py:29]
2019-06-09 17:49:12,588 - request - INFO - response：{"status":0,"code":"20111","data":null,"msg":"用户名或密码错误"} - [request.py:34]
2019-06-09 17:49:12,835 - login - INFO - 第5行用例执行结果：PASS - [test_login.py:42]
2019-06-09 17:49:12,836 - login - INFO - 开始执行第6行用例 - [test_login.py:33]
2019-06-09 17:49:12,837 - request - INFO - method：POST  url：http://192.168.81.131:8888/futureloan/mvc/api/member/login - [request.py:28]
2019-06-09 17:49:12,837 - request - INFO - data：{'mobilephone': '12345678901', 'pwd': 'xiuyu123'} - [request.py:29]
2019-06-09 17:49:12,843 - request - INFO - response：{"status":0,"code":"20111","data":null,"msg":"用户名或密码错误"} - [request.py:39]
2019-06-09 17:49:13,101 - login - INFO - 第6行用例执行结果：PASS - [test_login.py:42]
2019-06-09 17:49:13,102 - recharge - INFO - 这是一个setUp - [test_recharge.py:32]
2019-06-09 17:49:13,102 - recharge - INFO - 开始执行第1条用例：未登陆充值 - [test_recharge.py:41]
2019-06-09 17:49:13,103 - request - INFO - method：GET  url：http://192.168.81.131:8888/futureloan/mvc/api/member/recharge - [request.py:28]
2019-06-09 17:49:13,104 - request - INFO - data：{'mobilephone': '18675512527', 'amount': '1'} - [request.py:29]
2019-06-09 17:49:13,130 - request - INFO - response：{"status":1,"code":"10001","data":{"id":80,"regname":"修宇-投资人","pwd":"25A60A0B094FBFE126008AB87594B13E","mobilephone":"18675512527","leaveamount":"29503225.00","type":"1","regtime":"2019-03-29 22:58:37.0"},"msg":"充值成功"} - [request.py:34]
2019-06-09 17:49:13,362 - recharge - ERROR - 第1用例执行结果：FAIL - [test_recharge.py:60]
2019-06-09 17:49:13,363 - recharge - ERROR - 断言出错了：'20109' != '10001'
- 20109
+ 10001
 : recharge error - [test_recharge.py:61]
2019-06-09 17:49:13,381 - recharge - INFO - 这是一个setUp - [test_recharge.py:32]
2019-06-09 17:49:13,381 - recharge - INFO - 开始执行第2条用例：登陆非充值号码 - [test_recharge.py:41]
2019-06-09 17:49:13,382 - request - INFO - method：GET  url：http://192.168.81.131:8888/futureloan/mvc/api/member/login - [request.py:28]
2019-06-09 17:49:13,383 - request - INFO - data：{'mobilephone': '15246292536', 'pwd': 'xiuyu123'} - [request.py:29]
2019-06-09 17:49:13,392 - request - INFO - response：{"status":0,"code":"20111","data":null,"msg":"用户名或密码错误"} - [request.py:34]
2019-06-09 17:49:13,640 - recharge - ERROR - 第2用例执行结果：FAIL - [test_recharge.py:60]
2019-06-09 17:49:13,641 - recharge - ERROR - 断言出错了：'10001' != '20111'
- 10001
+ 20111
 : recharge error - [test_recharge.py:61]
2019-06-09 17:49:13,641 - recharge - INFO - 这是一个setUp - [test_recharge.py:32]
2019-06-09 17:49:13,642 - recharge - INFO - 开始执行第3条用例：登陆用户与充值用户不同 - [test_recharge.py:41]
2019-06-09 17:49:13,643 - request - INFO - method：POST  url：http://192.168.81.131:8888/futureloan/mvc/api/member/recharge - [request.py:28]
2019-06-09 17:49:13,643 - request - INFO - data：{'mobilephone': '18675512527', 'amount': '1'} - [request.py:29]
2019-06-09 17:49:13,669 - request - INFO - response：{"status":1,"code":"10001","data":{"id":80,"regname":"修宇-投资人","pwd":"25A60A0B094FBFE126008AB87594B13E","mobilephone":"18675512527","leaveamount":"29503226.00","type":"1","regtime":"2019-03-29 22:58:37.0"},"msg":"充值成功"} - [request.py:39]
2019-06-09 17:49:13,989 - recharge - ERROR - 第3用例执行结果：FAIL - [test_recharge.py:60]
2019-06-09 17:49:13,989 - recharge - ERROR - 断言出错了：'20109' != '10001'
- 20109
+ 10001
 : recharge error - [test_recharge.py:61]
2019-06-09 17:49:13,991 - recharge - INFO - 这是一个setUp - [test_recharge.py:32]
2019-06-09 17:49:13,991 - recharge - INFO - 开始执行第4条用例：正常登陆 - [test_recharge.py:41]
2019-06-09 17:49:13,993 - request - INFO - method：GET  url：http://192.168.81.131:8888/futureloan/mvc/api/member/login - [request.py:28]
2019-06-09 17:49:13,993 - request - INFO - data：{'mobilephone': '18675512527', 'pwd': 'xiuyu123'} - [request.py:29]
2019-06-09 17:49:14,002 - request - INFO - response：{"status":1,"code":"10001","data":null,"msg":"登录成功"} - [request.py:34]
2019-06-09 17:49:14,308 - recharge - INFO - 第4用例执行结果：PASS - [test_recharge.py:57]
2019-06-09 17:49:14,309 - recharge - INFO - 这是一个setUp - [test_recharge.py:32]
2019-06-09 17:49:14,309 - recharge - INFO - 开始执行第5条用例：充值成功 - [test_recharge.py:41]
2019-06-09 17:49:14,310 - request - INFO - method：POST  url：http://192.168.81.131:8888/futureloan/mvc/api/member/recharge - [request.py:28]
2019-06-09 17:49:14,311 - request - INFO - data：{'mobilephone': '18675512527', 'amount': '1'} - [request.py:29]
2019-06-09 17:49:14,326 - request - INFO - response：{"status":1,"code":"10001","data":{"id":80,"regname":"修宇-投资人","pwd":"25A60A0B094FBFE126008AB87594B13E","mobilephone":"18675512527","leaveamount":"29503227.00","type":"1","regtime":"2019-03-29 22:58:37.0"},"msg":"充值成功"} - [request.py:39]
2019-06-09 17:49:14,566 - recharge - INFO - 第5用例执行结果：PASS - [test_recharge.py:57]
2019-06-09 17:49:14,569 - recharge - INFO - 这是一个setUp - [test_recharge.py:32]
2019-06-09 17:49:14,570 - recharge - INFO - 开始执行第6条用例：未登陆充值 - [test_recharge.py:41]
2019-06-09 17:49:14,573 - request - INFO - method：POST  url：http://192.168.81.131:8888/futureloan/mvc/api/member/recharge - [request.py:28]
2019-06-09 17:49:14,574 - request - INFO - data：{'mobilephone': '18675512527', 'amount': '1'} - [request.py:29]
2019-06-09 17:49:14,597 - request - INFO - response：{"status":1,"code":"10001","data":{"id":80,"regname":"修宇-投资人","pwd":"25A60A0B094FBFE126008AB87594B13E","mobilephone":"18675512527","leaveamount":"29503228.00","type":"1","regtime":"2019-03-29 22:58:37.0"},"msg":"充值成功"} - [request.py:39]
2019-06-09 17:49:15,046 - recharge - INFO - 第6用例执行结果：PASS - [test_recharge.py:57]
2019-06-09 17:49:15,046 - recharge - INFO - 这是一个setUp - [test_recharge.py:32]
2019-06-09 17:49:15,046 - recharge - INFO - 开始执行第7条用例：手机号为空 - [test_recharge.py:41]
2019-06-09 17:49:15,048 - request - INFO - method：GET  url：http://192.168.81.131:8888/futureloan/mvc/api/member/recharge - [request.py:28]
2019-06-09 17:49:15,048 - request - INFO - data：{'mobilephone': '', 'amount': '1'} - [request.py:29]
2019-06-09 17:49:15,058 - request - INFO - response：{"status":0,"code":"20103","data":null,"msg":"手机号不能为空"} - [request.py:34]
2019-06-09 17:49:15,704 - recharge - INFO - 第7用例执行结果：PASS - [test_recharge.py:57]
2019-06-09 17:49:15,704 - recharge - INFO - 这是一个setUp - [test_recharge.py:32]
2019-06-09 17:49:15,705 - recharge - INFO - 开始执行第8条用例：金额为空 - [test_recharge.py:41]
2019-06-09 17:49:15,707 - request - INFO - method：POST  url：http://192.168.81.131:8888/futureloan/mvc/api/member/recharge - [request.py:28]
2019-06-09 17:49:15,707 - request - INFO - data：{'mobilephone': '18675512527', 'amount': ''} - [request.py:29]
2019-06-09 17:49:15,716 - request - INFO - response：{"status":0,"code":"20115","data":null,"msg":"请输入金额"} - [request.py:39]
2019-06-09 17:49:16,013 - recharge - INFO - 第8用例执行结果：PASS - [test_recharge.py:57]
2019-06-09 17:49:16,014 - recharge - INFO - 这是一个setUp - [test_recharge.py:32]
2019-06-09 17:49:16,014 - recharge - INFO - 开始执行第9条用例：未注册的手机 - [test_recharge.py:41]
2019-06-09 17:49:16,015 - request - INFO - method：GET  url：http://192.168.81.131:8888/futureloan/mvc/api/member/recharge - [request.py:28]
2019-06-09 17:49:16,016 - request - INFO - data：{'mobilephone': '15275512527', 'amount': '1'} - [request.py:29]
2019-06-09 17:49:16,023 - request - INFO - response：{"status":0,"code":"20104","data":null,"msg":"此手机号对应的会员不存在"} - [request.py:34]
2019-06-09 17:49:16,330 - recharge - INFO - 第9用例执行结果：PASS - [test_recharge.py:57]
2019-06-09 17:49:16,331 - recharge - INFO - 这是一个setUp - [test_recharge.py:32]
2019-06-09 17:49:16,331 - recharge - INFO - 开始执行第10条用例：手机格式错误 - [test_recharge.py:41]
2019-06-09 17:49:16,332 - request - INFO - method：POST  url：http://192.168.81.131:8888/futureloan/mvc/api/member/recharge - [request.py:28]
2019-06-09 17:49:16,333 - request - INFO - data：{'mobilephone': '12345678901', 'amount': '1'} - [request.py:29]
2019-06-09 17:49:16,339 - request - INFO - response：{"status":0,"code":"20109","data":null,"msg":"手机号码格式不正确"} - [request.py:39]
2019-06-09 17:49:16,561 - recharge - INFO - 第10用例执行结果：PASS - [test_recharge.py:57]
2019-06-09 17:49:16,561 - recharge - INFO - 这是一个setUp - [test_recharge.py:32]
2019-06-09 17:49:16,561 - recharge - INFO - 开始执行第11条用例：金额为三位小数 - [test_recharge.py:41]
2019-06-09 17:49:16,562 - request - INFO - method：GET  url：http://192.168.81.131:8888/futureloan/mvc/api/member/recharge - [request.py:28]
2019-06-09 17:49:16,563 - request - INFO - data：{'mobilephone': '18675512527', 'amount': '0.001'} - [request.py:29]
2019-06-09 17:49:16,568 - request - INFO - response：{"status":0,"code":"20116","data":null,"msg":"输入金额的金额小数不能超过两位"} - [request.py:34]
2019-06-09 17:49:16,804 - recharge - INFO - 第11用例执行结果：PASS - [test_recharge.py:57]
2019-06-09 17:49:16,804 - recharge - INFO - 这是一个setUp - [test_recharge.py:32]
2019-06-09 17:49:16,804 - recharge - INFO - 开始执行第12条用例：金额为0 - [test_recharge.py:41]
2019-06-09 17:49:16,806 - request - INFO - method：POST  url：http://192.168.81.131:8888/futureloan/mvc/api/member/recharge - [request.py:28]
2019-06-09 17:49:16,806 - request - INFO - data：{'mobilephone': '18675512527', 'amount': '0'} - [request.py:29]
2019-06-09 17:49:16,816 - request - INFO - response：{"status":1,"code":"10001","data":{"id":80,"regname":"修宇-投资人","pwd":"25A60A0B094FBFE126008AB87594B13E","mobilephone":"18675512527","leaveamount":"29503228.00","type":"1","regtime":"2019-03-29 22:58:37.0"},"msg":"充值成功"} - [request.py:39]
2019-06-09 17:49:17,047 - recharge - INFO - 第12用例执行结果：PASS - [test_recharge.py:57]
2019-06-09 17:49:17,048 - recharge - INFO - 这是一个setUp - [test_recharge.py:32]
2019-06-09 17:49:17,048 - recharge - INFO - 开始执行第13条用例：金额过50万 - [test_recharge.py:41]
2019-06-09 17:49:17,049 - request - INFO - method：GET  url：http://192.168.81.131:8888/futureloan/mvc/api/member/recharge - [request.py:28]
2019-06-09 17:49:17,049 - request - INFO - data：{'mobilephone': '18675512527', 'amount': '500000.01'} - [request.py:29]
2019-06-09 17:49:17,056 - request - INFO - response：{"status":0,"code":"20117","data":null,"msg":"请输入范围在0到50万之间的正数金额"} - [request.py:34]
2019-06-09 17:49:17,288 - recharge - INFO - 第13用例执行结果：PASS - [test_recharge.py:57]
2019-06-09 17:49:17,288 - recharge - INFO - 这是一个setUp - [test_recharge.py:32]
2019-06-09 17:49:17,289 - recharge - INFO - 开始执行第14条用例：金额为50万 - [test_recharge.py:41]
2019-06-09 17:49:17,290 - request - INFO - method：POST  url：http://192.168.81.131:8888/futureloan/mvc/api/member/recharge - [request.py:28]
2019-06-09 17:49:17,290 - request - INFO - data：{'mobilephone': '18675512527', 'amount': '500000'} - [request.py:29]
2019-06-09 17:49:17,307 - request - INFO - response：{"status":1,"code":"10001","data":{"id":80,"regname":"修宇-投资人","pwd":"25A60A0B094FBFE126008AB87594B13E","mobilephone":"18675512527","leaveamount":"30003228.00","type":"1","regtime":"2019-03-29 22:58:37.0"},"msg":"充值成功"} - [request.py:39]
2019-06-09 17:49:17,534 - recharge - INFO - 第14用例执行结果：PASS - [test_recharge.py:57]
2019-06-09 17:49:17,535 - recharge - INFO - 这是一个setUp - [test_recharge.py:32]
2019-06-09 17:49:17,537 - recharge - INFO - 开始执行第15条用例：金额小于0 - [test_recharge.py:41]
2019-06-09 17:49:17,539 - request - INFO - method：GET  url：http://192.168.81.131:8888/futureloan/mvc/api/member/recharge - [request.py:28]
2019-06-09 17:49:17,539 - request - INFO - data：{'mobilephone': '18675512527', 'amount': '-1'} - [request.py:29]
2019-06-09 17:49:17,544 - request - INFO - response：{"status":0,"code":"20117","data":null,"msg":"请输入范围在0到50万之间的正数金额"} - [request.py:34]
2019-06-09 17:49:17,800 - recharge - INFO - 第15用例执行结果：PASS - [test_recharge.py:57]
2019-06-09 17:49:17,801 - recharge - INFO - 这是一个setUp - [test_recharge.py:32]
2019-06-09 17:49:17,802 - recharge - INFO - 开始执行第16条用例：金额为非数字 - [test_recharge.py:41]
2019-06-09 17:49:17,805 - request - INFO - method：POST  url：http://192.168.81.131:8888/futureloan/mvc/api/member/recharge - [request.py:28]
2019-06-09 17:49:17,806 - request - INFO - data：{'mobilephone': '18675512527', 'amount': 'a'} - [request.py:29]
2019-06-09 17:49:17,811 - request - INFO - response：{"status":0,"code":"20118","data":null,"msg":"请输入数字"} - [request.py:39]
2019-06-09 17:49:18,033 - recharge - INFO - 第16用例执行结果：PASS - [test_recharge.py:57]
